<?xml version="1.0" encoding="UTF-8"?>
<!-- Generated by org.testng.reporters.JUnitReportReporter -->
<testsuite hostname="Asplap1710" failures="0" tests="2" name="lambdaTest_Automation.LambdaTestAutomationAssessment" time="55.905" errors="0" timestamp="2023-09-25T12:10:23 IST" skipped="0">
  <testcase classname="lambdaTest_Automation.LambdaTestAutomationAssessment" name="testSimple" time="33.994"/>
  <system-out/>
  <testcase classname="lambdaTest_Automation.LambdaTestAutomationAssessment" name="testSimple" time="21.911"/>
  <system-out/>
</testsuite> <!-- lambdaTest_Automation.LambdaTestAutomationAssessment -->
